[0m11:27:46.693062 [debug] [MainThread]: Sending event: {'category': 'dbt', 'action': 'invocation', 'label': 'start', 'context': [<snowplow_tracker.self_describing_json.SelfDescribingJson object at 0x10e5e81f0>, <snowplow_tracker.self_describing_json.SelfDescribingJson object at 0x10f861600>, <snowplow_tracker.self_describing_json.SelfDescribingJson object at 0x10f861d20>]}


============================== 11:27:46.742198 | 9f30b7e4-0768-4137-9e33-8b93a2a4d47c ==============================
[0m11:27:46.742198 [info ] [MainThread]: Running with dbt=1.5.11
[0m11:27:46.742950 [debug] [MainThread]: running dbt with arguments {'printer_width': '80', 'indirect_selection': 'eager', 'log_cache_events': 'False', 'write_json': 'True', 'partial_parse': 'True', 'cache_selected_only': 'False', 'profiles_dir': '/Users/mchopra80/.dbt', 'version_check': 'True', 'warn_error': 'None', 'log_path': 'logs', 'fail_fast': 'False', 'debug': 'False', 'use_colors': 'True', 'use_experimental_parser': 'False', 'no_print': 'None', 'quiet': 'False', 'log_format': 'default', 'introspect': 'True', 'warn_error_options': 'WarnErrorOptions(include=[], exclude=[])', 'static_parser': 'True', 'target_path': 'None', 'send_anonymous_usage_stats': 'True'}
[0m11:27:46.743526 [warn ] [MainThread]: [ConfigFolderDirectory]: Unable to parse dict {'dir': PosixPath('/Users/mchopra80/.dbt')}
[0m11:27:46.743924 [info ] [MainThread]: Creating dbt configuration folder at 
[0m11:27:55.798923 [debug] [MainThread]: Starter project path: /Users/mchopra80/devspace/dbt-env/lib/python3.10/site-packages/dbt/include/starter_project
[0m11:28:05.316369 [error] [MainThread]: Encountered an error:
cannot import name 'ADD_SERIALIZATION_CONTEXT' from 'mashumaro.config' (/Users/mchopra80/devspace/dbt-env/lib/python3.10/site-packages/mashumaro/config.py)
[0m11:28:05.395351 [error] [MainThread]: Traceback (most recent call last):
  File "/Users/mchopra80/devspace/dbt-env/lib/python3.10/site-packages/dbt/cli/requires.py", line 86, in wrapper
    result, success = func(*args, **kwargs)
  File "/Users/mchopra80/devspace/dbt-env/lib/python3.10/site-packages/dbt/cli/requires.py", line 71, in wrapper
    return func(*args, **kwargs)
  File "/Users/mchopra80/devspace/dbt-env/lib/python3.10/site-packages/dbt/cli/main.py", line 475, in init
    results = task.run()
  File "/Users/mchopra80/devspace/dbt-env/lib/python3.10/site-packages/dbt/task/init.py", line 307, in run
    self.create_profile_from_target(adapter, profile_name=project_name)
  File "/Users/mchopra80/devspace/dbt-env/lib/python3.10/site-packages/dbt/task/init.py", line 173, in create_profile_from_target
    load_plugin(adapter)
  File "/Users/mchopra80/devspace/dbt-env/lib/python3.10/site-packages/dbt/adapters/factory.py", line 209, in load_plugin
    return FACTORY.load_plugin(name)
  File "/Users/mchopra80/devspace/dbt-env/lib/python3.10/site-packages/dbt/adapters/factory.py", line 58, in load_plugin
    mod: Any = import_module("." + name, "dbt.adapters")
  File "/Library/Frameworks/Python.framework/Versions/3.10/lib/python3.10/importlib/__init__.py", line 126, in import_module
    return _bootstrap._gcd_import(name[level:], package, level)
  File "<frozen importlib._bootstrap>", line 1050, in _gcd_import
  File "<frozen importlib._bootstrap>", line 1027, in _find_and_load
  File "<frozen importlib._bootstrap>", line 1006, in _find_and_load_unlocked
  File "<frozen importlib._bootstrap>", line 688, in _load_unlocked
  File "<frozen importlib._bootstrap_external>", line 883, in exec_module
  File "<frozen importlib._bootstrap>", line 241, in _call_with_frames_removed
  File "/Users/mchopra80/devspace/dbt-env/lib/python3.10/site-packages/dbt/adapters/snowflake/__init__.py", line 1, in <module>
    from dbt.adapters.snowflake.column import SnowflakeColumn  # noqa
  File "/Users/mchopra80/devspace/dbt-env/lib/python3.10/site-packages/dbt/adapters/snowflake/column.py", line 4, in <module>
    from dbt_common.exceptions import DbtRuntimeError
  File "/Users/mchopra80/devspace/dbt-env/lib/python3.10/site-packages/dbt_common/exceptions/__init__.py", line 1, in <module>
    from dbt_common.exceptions.base import *  # noqa
  File "/Users/mchopra80/devspace/dbt-env/lib/python3.10/site-packages/dbt_common/exceptions/base.py", line 6, in <module>
    from dbt_common.dataclass_schema import ValidationError
  File "/Users/mchopra80/devspace/dbt-env/lib/python3.10/site-packages/dbt_common/dataclass_schema.py", line 10, in <module>
    from mashumaro.config import (
ImportError: cannot import name 'ADD_SERIALIZATION_CONTEXT' from 'mashumaro.config' (/Users/mchopra80/devspace/dbt-env/lib/python3.10/site-packages/mashumaro/config.py)

[0m11:28:05.422249 [debug] [MainThread]: Command `dbt init` failed at 11:28:05.396795 after 18.83 seconds
[0m11:28:05.422859 [debug] [MainThread]: Sending event: {'category': 'dbt', 'action': 'invocation', 'label': 'end', 'context': [<snowplow_tracker.self_describing_json.SelfDescribingJson object at 0x10e5e81f0>, <snowplow_tracker.self_describing_json.SelfDescribingJson object at 0x10f861de0>, <snowplow_tracker.self_describing_json.SelfDescribingJson object at 0x10f8621a0>]}
[0m11:28:05.423433 [debug] [MainThread]: Flushing usage events
[0m11:30:22.950682 [debug] [MainThread]: Sending event: {'category': 'dbt', 'action': 'invocation', 'label': 'start', 'context': [<snowplow_tracker.self_describing_json.SelfDescribingJson object at 0x10c4741f0>, <snowplow_tracker.self_describing_json.SelfDescribingJson object at 0x10d7255d0>, <snowplow_tracker.self_describing_json.SelfDescribingJson object at 0x10d725cf0>]}


============================== 11:30:22.967995 | 8ce7e03f-d32e-463d-a4b4-b9267d0b6548 ==============================
[0m11:30:22.967995 [info ] [MainThread]: Running with dbt=1.5.11
[0m11:30:22.968748 [debug] [MainThread]: running dbt with arguments {'printer_width': '80', 'indirect_selection': 'eager', 'log_cache_events': 'False', 'write_json': 'True', 'partial_parse': 'True', 'cache_selected_only': 'False', 'warn_error': 'None', 'version_check': 'True', 'profiles_dir': '/Users/mchopra80/.dbt', 'log_path': 'logs', 'fail_fast': 'False', 'debug': 'False', 'use_colors': 'True', 'use_experimental_parser': 'False', 'no_print': 'None', 'quiet': 'False', 'log_format': 'default', 'introspect': 'True', 'warn_error_options': 'WarnErrorOptions(include=[], exclude=[])', 'static_parser': 'True', 'target_path': 'None', 'send_anonymous_usage_stats': 'True'}
[0m11:30:33.140354 [info ] [MainThread]: A project called dbthw already exists here.
[0m11:30:33.167832 [debug] [MainThread]: Command `dbt init` succeeded at 11:30:33.167586 after 10.26 seconds
[0m11:30:33.168319 [debug] [MainThread]: Sending event: {'category': 'dbt', 'action': 'invocation', 'label': 'end', 'context': [<snowplow_tracker.self_describing_json.SelfDescribingJson object at 0x10c4741f0>, <snowplow_tracker.self_describing_json.SelfDescribingJson object at 0x10d725960>, <snowplow_tracker.self_describing_json.SelfDescribingJson object at 0x10d7255d0>]}
[0m11:30:33.168945 [debug] [MainThread]: Flushing usage events
[0m11:30:40.137589 [debug] [MainThread]: Sending event: {'category': 'dbt', 'action': 'invocation', 'label': 'start', 'context': [<snowplow_tracker.self_describing_json.SelfDescribingJson object at 0x10c2501f0>, <snowplow_tracker.self_describing_json.SelfDescribingJson object at 0x10d505630>, <snowplow_tracker.self_describing_json.SelfDescribingJson object at 0x10d505d50>]}


============================== 11:30:40.141463 | cf0c2145-f425-45cb-8438-f4f6f8c4db7e ==============================
[0m11:30:40.141463 [info ] [MainThread]: Running with dbt=1.5.11
[0m11:30:40.141993 [debug] [MainThread]: running dbt with arguments {'printer_width': '80', 'indirect_selection': 'eager', 'log_cache_events': 'False', 'write_json': 'True', 'partial_parse': 'True', 'cache_selected_only': 'False', 'profiles_dir': '/Users/mchopra80/.dbt', 'debug': 'False', 'warn_error': 'None', 'log_path': 'logs', 'version_check': 'True', 'fail_fast': 'False', 'use_colors': 'True', 'use_experimental_parser': 'False', 'no_print': 'None', 'quiet': 'False', 'warn_error_options': 'WarnErrorOptions(include=[], exclude=[])', 'introspect': 'True', 'log_format': 'default', 'static_parser': 'True', 'target_path': 'None', 'send_anonymous_usage_stats': 'True'}
[0m11:30:40.722226 [error] [MainThread]: Encountered an error:

[0m11:30:40.759497 [error] [MainThread]: Traceback (most recent call last):
  File "/Users/mchopra80/devspace/dbt-env/lib/python3.10/site-packages/dbt/cli/requires.py", line 86, in wrapper
    result, success = func(*args, **kwargs)
  File "/Users/mchopra80/devspace/dbt-env/lib/python3.10/site-packages/dbt/cli/requires.py", line 71, in wrapper
    return func(*args, **kwargs)
  File "/Users/mchopra80/devspace/dbt-env/lib/python3.10/site-packages/dbt/cli/main.py", line 475, in init
    results = task.run()
  File "/Users/mchopra80/devspace/dbt-env/lib/python3.10/site-packages/dbt/task/init.py", line 288, in run
    project_name = self.get_valid_project_name()
  File "/Users/mchopra80/devspace/dbt-env/lib/python3.10/site-packages/dbt/task/init.py", line 243, in get_valid_project_name
    name = click.prompt("Enter a name for your project (letters, digits, underscore)")
  File "/Users/mchopra80/devspace/dbt-env/lib/python3.10/site-packages/click/termui.py", line 164, in prompt
    value = prompt_func(prompt)
  File "/Users/mchopra80/devspace/dbt-env/lib/python3.10/site-packages/click/termui.py", line 147, in prompt_func
    raise Abort() from None
click.exceptions.Abort

[0m11:30:40.760658 [debug] [MainThread]: Command `dbt init` failed at 11:30:40.760431 after 0.64 seconds
[0m11:30:40.761027 [debug] [MainThread]: Sending event: {'category': 'dbt', 'action': 'invocation', 'label': 'end', 'context': [<snowplow_tracker.self_describing_json.SelfDescribingJson object at 0x10c2501f0>, <snowplow_tracker.self_describing_json.SelfDescribingJson object at 0x10d506080>, <snowplow_tracker.self_describing_json.SelfDescribingJson object at 0x10d505db0>]}
[0m11:30:40.761391 [debug] [MainThread]: Flushing usage events
[0m11:34:42.418135 [debug] [MainThread]: Sending event: {'category': 'dbt', 'action': 'invocation', 'label': 'start', 'context': [<snowplow_tracker.self_describing_json.SelfDescribingJson object at 0x103c041f0>, <snowplow_tracker.self_describing_json.SelfDescribingJson object at 0x104eb95a0>, <snowplow_tracker.self_describing_json.SelfDescribingJson object at 0x104eb9cc0>]}


============================== 11:34:42.441984 | ccfb328c-b8f6-4bd6-97ad-1d0ed2493652 ==============================
[0m11:34:42.441984 [info ] [MainThread]: Running with dbt=1.5.11
[0m11:34:42.443070 [debug] [MainThread]: running dbt with arguments {'printer_width': '80', 'indirect_selection': 'eager', 'write_json': 'True', 'log_cache_events': 'False', 'partial_parse': 'True', 'cache_selected_only': 'False', 'profiles_dir': '/Users/mchopra80/.dbt', 'debug': 'False', 'fail_fast': 'False', 'log_path': 'logs', 'version_check': 'True', 'warn_error': 'None', 'use_colors': 'True', 'use_experimental_parser': 'False', 'no_print': 'None', 'quiet': 'False', 'log_format': 'default', 'static_parser': 'True', 'introspect': 'True', 'warn_error_options': 'WarnErrorOptions(include=[], exclude=[])', 'target_path': 'None', 'send_anonymous_usage_stats': 'True'}
[0m11:34:48.186658 [debug] [MainThread]: Starter project path: /Users/mchopra80/devspace/dbt-env/lib/python3.10/site-packages/dbt/include/starter_project
[0m11:34:51.021658 [info ] [MainThread]: Profile dbtsqllite written to /Users/mchopra80/.dbt/profiles.yml using target's sample configuration. Once updated, you'll be able to start developing with dbt.
[0m11:34:51.022168 [info ] [MainThread]: 
Your new dbt project "dbtsqllite" was created!

For more information on how to configure the profiles.yml file,
please consult the dbt documentation here:

  https://docs.getdbt.com/docs/configure-your-profile

One more thing:

Need help? Don't hesitate to reach out to us via GitHub issues or on Slack:

  https://community.getdbt.com/

Happy modeling!

[0m11:34:51.047050 [debug] [MainThread]: Command `dbt init` succeeded at 11:34:51.022725 after 8.65 seconds
[0m11:34:51.047827 [debug] [MainThread]: Sending event: {'category': 'dbt', 'action': 'invocation', 'label': 'end', 'context': [<snowplow_tracker.self_describing_json.SelfDescribingJson object at 0x103c041f0>, <snowplow_tracker.self_describing_json.SelfDescribingJson object at 0x104f54550>, <snowplow_tracker.self_describing_json.SelfDescribingJson object at 0x104f56170>]}
[0m11:34:51.048574 [debug] [MainThread]: Flushing usage events
